<?xml version="1.0" encoding="UTF-8"?>
<testng-results ignored="0" total="1" passed="0" failed="1" skipped="0">
  <reporter-output>
  </reporter-output>
  <suite started-at="2022-12-12T17:50:48 GMT-06:00" name="Default suite" finished-at="2022-12-12T17:50:49 GMT-06:00" duration-ms="760">
    <groups>
      <group name="cucumber">
        <method signature="AbstractTestNGCucumberTests.runScenario(io.cucumber.testng.PickleWrapper,io.cucumber.testng.FeatureWrapper)[pri:0, instance:cucumber.TestNGTestRunner@4b013c76]" name="runScenario" class="io.cucumber.testng.AbstractTestNGCucumberTests"/>
      </group> <!-- cucumber -->
    </groups>
    <test started-at="2022-12-12T17:50:48 GMT-06:00" name="Default test" finished-at="2022-12-12T17:50:49 GMT-06:00" duration-ms="760">
      <class name="cucumber.TestNGTestRunner">
        <test-method is-config="true" signature="setUpClass(org.testng.ITestContext)[pri:0, instance:cucumber.TestNGTestRunner@4b013c76]" started-at="2022-12-12T17:50:48 GMT-06:00" name="setUpClass" finished-at="2022-12-12T17:50:49 GMT-06:00" duration-ms="580" status="PASS">
          <params>
            <param index="0">
              <value>
                <![CDATA[org.testng.TestRunner@1fd386c3]]>
              </value>
            </param>
          </params>
          <reporter-output>
          </reporter-output>
        </test-method> <!-- setUpClass -->
        <test-method signature="runScenario(io.cucumber.testng.PickleWrapper,io.cucumber.testng.FeatureWrapper)[pri:0, instance:cucumber.TestNGTestRunner@4b013c76]" started-at="2022-12-12T17:50:49 GMT-06:00" name="runScenario" description="Runs Cucumber Scenarios" data-provider="scenarios" finished-at="2022-12-12T17:50:49 GMT-06:00" duration-ms="93" status="FAIL">
          <params>
            <param index="0">
              <value>
                <![CDATA["Checkout without items"]]>
              </value>
            </param>
            <param index="1">
              <value>
                <![CDATA["Validate cant proceed checkout without items."]]>
              </value>
            </param>
          </params>
          <exception class="java.lang.IllegalArgumentException">
            <message>
              <![CDATA[Input must be set]]>
            </message>
            <full-stacktrace>
              <![CDATA[java.lang.IllegalArgumentException: Input must be set
at org.openqa.selenium.internal.Require.nonNull(Require.java:59)
at org.openqa.selenium.support.ui.FluentWait.<init>(FluentWait.java:97)
at org.openqa.selenium.support.ui.WebDriverWait.<init>(WebDriverWait.java:77)
at org.openqa.selenium.support.ui.WebDriverWait.<init>(WebDriverWait.java:46)
at Hexaware.AbstractComponents.AbstractComponents.<init>(AbstractComponents.java:17)
at Hexaware.pageobjects.ListingPage.<init>(ListingPage.java:16)
at Hexaware.stepDefinitions.CartValidations.click_to_cart_to_open_it(CartValidations.java:15)
at ✽.Click to Cart to open it(file:///C:/Users/netza/eclipse-workspace/seleniumPractiseCucumber/src/test/java/cucumber/CheckOutNoItemsValidation.feature:28)
]]>
            </full-stacktrace>
          </exception> <!-- java.lang.IllegalArgumentException -->
          <reporter-output>
          </reporter-output>
        </test-method> <!-- runScenario -->
        <test-method is-config="true" signature="tearDownClass()[pri:0, instance:cucumber.TestNGTestRunner@4b013c76]" started-at="2022-12-12T17:50:49 GMT-06:00" name="tearDownClass" finished-at="2022-12-12T17:50:49 GMT-06:00" duration-ms="36" status="PASS">
          <reporter-output>
          </reporter-output>
        </test-method> <!-- tearDownClass -->
      </class> <!-- cucumber.TestNGTestRunner -->
    </test> <!-- Default test -->
  </suite> <!-- Default suite -->
</testng-results>
