<?xml version="1.0" encoding="UTF-8"?>
<!-- Generated by org.testng.reporters.JUnitReportReporter -->
<testsuite hostname="LAPTOP-UILFKUPE" failures="0" tests="1" name="cucumber.TestNGTestRunner" time="0.093" errors="1" timestamp="2022-12-12T17:50:49 GMT-06:00" skipped="0">
  <testcase classname="cucumber.TestNGTestRunner" name="runScenario" time="0.093">
    <error message="Input must be set" type="java.lang.IllegalArgumentException">
      <![CDATA[java.lang.IllegalArgumentException: Input must be set
at org.openqa.selenium.internal.Require.nonNull(Require.java:59)
at org.openqa.selenium.support.ui.FluentWait.<init>(FluentWait.java:97)
at org.openqa.selenium.support.ui.WebDriverWait.<init>(WebDriverWait.java:77)
at org.openqa.selenium.support.ui.WebDriverWait.<init>(WebDriverWait.java:46)
at Hexaware.AbstractComponents.AbstractComponents.<init>(AbstractComponents.java:17)
at Hexaware.pageobjects.ListingPage.<init>(ListingPage.java:16)
at Hexaware.stepDefinitions.CartValidations.click_to_cart_to_open_it(CartValidations.java:15)
at ✽.Click to Cart to open it(file:///C:/Users/netza/eclipse-workspace/seleniumPractiseCucumber/src/test/java/cucumber/CheckOutNoItemsValidation.feature:28)
]]>
    </error>
  </testcase> <!-- runScenario -->
  <system-out/>
</testsuite> <!-- cucumber.TestNGTestRunner -->
